0 info it worked if it ends with ok
1 verbose cli [ 'node', '/usr/local/bin/npm', 'install', '--save', 'aysnc' ]
2 info using npm@1.3.11
3 info using node@v0.10.21
4 verbose readDependencies using package.json deps
5 verbose cache add [ 'aysnc', null ]
6 verbose cache add name=undefined spec="aysnc" args=["aysnc",null]
7 verbose parsed url { protocol: null,
7 verbose parsed url   slashes: null,
7 verbose parsed url   auth: null,
7 verbose parsed url   host: null,
7 verbose parsed url   port: null,
7 verbose parsed url   hostname: null,
7 verbose parsed url   hash: null,
7 verbose parsed url   search: null,
7 verbose parsed url   query: null,
7 verbose parsed url   pathname: 'aysnc',
7 verbose parsed url   path: 'aysnc',
7 verbose parsed url   href: 'aysnc' }
8 silly lockFile ef018afb-aysnc aysnc
9 verbose lock aysnc /Users/student/.npm/ef018afb-aysnc.lock
10 silly lockFile ef018afb-aysnc aysnc
11 silly lockFile ef018afb-aysnc aysnc
12 verbose addNamed [ 'aysnc', '' ]
13 verbose addNamed [ null, '*' ]
14 silly lockFile 709ef842-aysnc aysnc@
15 verbose lock aysnc@ /Users/student/.npm/709ef842-aysnc.lock
16 silly addNameRange { name: 'aysnc', range: '*', hasData: false }
17 verbose url raw aysnc
18 verbose url resolving [ 'https://registry.npmjs.org/', './aysnc' ]
19 verbose url resolved https://registry.npmjs.org/aysnc
20 info trying registry request attempt 1 at 09:51:32
21 http GET https://registry.npmjs.org/aysnc
22 http 404 https://registry.npmjs.org/aysnc
23 silly registry.get cb [ 404,
23 silly registry.get   { date: 'Thu, 13 Mar 2014 15:51:32 GMT',
23 silly registry.get     server: 'CouchDB/1.5.0 (Erlang OTP/R14B04)',
23 silly registry.get     'content-type': 'application/json',
23 silly registry.get     via: '1.1 varnish',
23 silly registry.get     'cache-control': 'max-age=0',
23 silly registry.get     'content-length': '52',
23 silly registry.get     'accept-ranges': 'bytes',
23 silly registry.get     age: '0',
23 silly registry.get     'x-served-by': 'cache-v43-ASH, cache-d64-DAL',
23 silly registry.get     'x-cache': 'MISS, MISS',
23 silly registry.get     'x-cache-hits': '0, 0',
23 silly registry.get     'x-timer': 'S1394725892.649582148,VS0,VS-12,VE93,VE139',
23 silly registry.get     'keep-alive': 'timeout=10, max=50',
23 silly registry.get     connection: 'Keep-Alive' } ]
24 silly lockFile 709ef842-aysnc aysnc@
25 silly lockFile 709ef842-aysnc aysnc@
26 error 404 'aysnc' is not in the npm registry.
26 error 404 You should bug the author to publish it
26 error 404
26 error 404 Note that you can also install from a
26 error 404 tarball, folder, or http url, or git url.
27 error System Darwin 13.0.0
28 error command "node" "/usr/local/bin/npm" "install" "--save" "aysnc"
29 error cwd /Users/student/Projects/final-project
30 error node -v v0.10.21
31 error npm -v 1.3.11
32 error code E404
33 verbose exit [ 1, true ]
